<?xml version="1.0" encoding="UTF-8"?>
<testng-results ignored="0" total="1" passed="1" failed="0" skipped="0">
  <reporter-output>
  </reporter-output>
  <suite started-at="2021-08-31T18:04:32 IST" name="Default suite" finished-at="2021-08-31T18:04:33 IST" duration-ms="62">
    <groups>
    </groups>
    <test started-at="2021-08-31T18:04:32 IST" name="Default test" finished-at="2021-08-31T18:04:33 IST" duration-ms="62">
      <class name="mypackage.TestNGfinal">
        <test-method is-config="true" signature="test1()[pri:0, instance:mypackage.TestNGfinal@247d8ae]" started-at="2021-08-31T18:04:32 IST" name="test1" finished-at="2021-08-31T18:04:32 IST" duration-ms="8" status="PASS">
          <reporter-output>
          </reporter-output>
        </test-method> <!-- test1 -->
        <test-method signature="test()[pri:0, instance:mypackage.TestNGfinal@247d8ae]" started-at="2021-08-31T18:04:32 IST" name="test" finished-at="2021-08-31T18:04:33 IST" duration-ms="6" status="PASS">
          <reporter-output>
          </reporter-output>
        </test-method> <!-- test -->
        <test-method is-config="true" signature="test2()[pri:0, instance:mypackage.TestNGfinal@247d8ae]" started-at="2021-08-31T18:04:33 IST" name="test2" finished-at="2021-08-31T18:04:33 IST" duration-ms="1" status="PASS">
          <reporter-output>
          </reporter-output>
        </test-method> <!-- test2 -->
      </class> <!-- mypackage.TestNGfinal -->
    </test> <!-- Default test -->
  </suite> <!-- Default suite -->
</testng-results>
